2018-08-19 17:15:55,844 getspiderconfig ['asdasdasdasdasda', '管理员', '', '获取爬虫配置列表', []] spider
2018-08-19 17:17:44,838 getspiderconfig ['asdasdasdasdasda', '管理员', '', '获取爬虫配置列表', []] spider
2018-08-19 17:17:44,886 getspiderlist ['asdasdasdasdasda', '管理员', '', '获取爬虫列表', []] spider
2018-08-19 17:18:06,536 getspiderconfig ['asdasdasdasdasda', '管理员', '', '获取爬虫配置列表', []] spider
2018-08-19 17:18:18,737 queryerror ['asdasdasdasdasda', '管理员', '', '查询爬虫错误数据', ['天涯BBS', ['2017-05-16', '2017-05-17', '2017-05-18', '2017-05-19', '2017-05-20', '2017-05-21', '2017-05-22']]] spider
2018-08-19 17:18:18,990 queryspidernum ['asdasdasdasdasda', '管理员', '', '查询爬虫数据量', ['天涯BBS', '一周']] spider
2018-08-19 17:18:19,172 queryspiderspeed ['asdasdasdasdasda', '管理员', '', '查询爬虫速率', ['今日']] spider
2018-08-19 17:18:19,196 queryspider ['asdasdasdasdasda', '管理员', '', '查询爬虫速率', ['天涯BBS', 'SpiderWeekSpeed']] spider
2018-08-19 17:18:23,682 queryspiderspeed ['asdasdasdasdasda', '管理员', '', '查询爬虫速率', ['一周']] spider
2018-08-19 17:18:29,191 queryspidernum ['asdasdasdasdasda', '管理员', '', '查询爬虫数据量', ['天涯BBS', '一月']] spider
2018-08-19 17:18:32,310 queryspidernum ['asdasdasdasdasda', '管理员', '', '查询爬虫数据量', ['猫扑论坛', '一月']] spider
2018-08-19 17:18:37,908 queryerror ['asdasdasdasdasda', '管理员', '', '查询爬虫错误数据', ['天涯BBS', ['2017-04-22', '2017-04-23', '2017-04-24', '2017-04-25', '2017-04-26', '2017-04-27', '2017-04-28', '2017-04-29', '2017-04-30', '2017-05-01', '2017-05-02', '2017-05-03', '2017-05-04', '2017-05-05', '2017-05-06', '2017-05-07', '2017-05-08', '2017-05-09', '2017-05-10', '2017-05-11', '2017-05-12', '2017-05-13', '2017-05-14', '2017-05-15', '2017-05-16', '2017-05-17', '2017-05-18', '2017-05-19', '2017-05-20', '2017-05-21', '2017-05-22']]] spider
2018-08-19 17:18:42,109 queryerror ['asdasdasdasdasda', '管理员', '', '查询爬虫错误数据', ['人民网论坛', ['2017-04-22', '2017-04-23', '2017-04-24', '2017-04-25', '2017-04-26', '2017-04-27', '2017-04-28', '2017-04-29', '2017-04-30', '2017-05-01', '2017-05-02', '2017-05-03', '2017-05-04', '2017-05-05', '2017-05-06', '2017-05-07', '2017-05-08', '2017-05-09', '2017-05-10', '2017-05-11', '2017-05-12', '2017-05-13', '2017-05-14', '2017-05-15', '2017-05-16', '2017-05-17', '2017-05-18', '2017-05-19', '2017-05-20', '2017-05-21', '2017-05-22']]] spider
2018-08-19 17:18:47,420 queryerror ['asdasdasdasdasda', '管理员', '', '查询爬虫错误数据', ['新华网论坛', ['2017-04-22', '2017-04-23', '2017-04-24', '2017-04-25', '2017-04-26', '2017-04-27', '2017-04-28', '2017-04-29', '2017-04-30', '2017-05-01', '2017-05-02', '2017-05-03', '2017-05-04', '2017-05-05', '2017-05-06', '2017-05-07', '2017-05-08', '2017-05-09', '2017-05-10', '2017-05-11', '2017-05-12', '2017-05-13', '2017-05-14', '2017-05-15', '2017-05-16', '2017-05-17', '2017-05-18', '2017-05-19', '2017-05-20', '2017-05-21', '2017-05-22']]] spider
2018-08-19 17:18:52,671 queryerror ['asdasdasdasdasda', '管理员', '', '查询爬虫错误数据', ['新华网论坛', ['2017-05-16', '2017-05-17', '2017-05-18', '2017-05-19', '2017-05-20', '2017-05-21', '2017-05-22']]] spider
2018-08-19 17:18:56,554 queryerror ['asdasdasdasdasda', '管理员', '', '查询爬虫错误数据', ['猫扑论坛', ['2017-05-16', '2017-05-17', '2017-05-18', '2017-05-19', '2017-05-20', '2017-05-21', '2017-05-22']]] spider
2018-08-19 17:19:00,023 queryerror ['asdasdasdasdasda', '管理员', '', '查询爬虫错误数据', ['新华网论坛', ['2017-05-16', '2017-05-17', '2017-05-18', '2017-05-19', '2017-05-20', '2017-05-21', '2017-05-22']]] spider
2018-08-19 17:19:03,741 queryerror ['asdasdasdasdasda', '管理员', '', '查询爬虫错误数据', ['天涯BBS', ['2017-05-16', '2017-05-17', '2017-05-18', '2017-05-19', '2017-05-20', '2017-05-21', '2017-05-22']]] spider
2018-08-19 17:19:07,485 queryerror ['asdasdasdasdasda', '管理员', '', '查询爬虫错误数据', ['人民网论坛', ['2017-05-16', '2017-05-17', '2017-05-18', '2017-05-19', '2017-05-20', '2017-05-21', '2017-05-22']]] spider
2018-08-19 17:19:12,595 queryerror ['asdasdasdasdasda', '管理员', '', '查询爬虫错误数据', ['豆瓣小组', ['2017-05-16', '2017-05-17', '2017-05-18', '2017-05-19', '2017-05-20', '2017-05-21', '2017-05-22']]] spider
2018-08-19 17:19:16,011 queryerror ['asdasdasdasdasda', '管理员', '', '查询爬虫错误数据', ['猫扑论坛', ['2017-05-16', '2017-05-17', '2017-05-18', '2017-05-19', '2017-05-20', '2017-05-21', '2017-05-22']]] spider
2018-08-19 17:19:31,286 queryspiderspeed ['asdasdasdasdasda', '管理员', '', '查询爬虫速率', ['今日']] spider
2018-08-19 17:19:33,629 queryspider ['asdasdasdasdasda', '管理员', '', '查询爬虫速率', ['猫扑论坛', 'SpiderWeekSpeed']] spider
2018-08-19 17:19:36,502 queryspider ['asdasdasdasdasda', '管理员', '', '查询爬虫速率', ['人民网论坛', 'SpiderWeekSpeed']] spider
2018-08-19 21:46:28,077 getspiderconfig ['asdasdasdasdasda', '管理员', '', '获取爬虫配置列表', []] spider
2018-08-19 21:46:28,130 getspiderlist ['asdasdasdasdasda', '管理员', '', '获取爬虫列表', []] spider
2018-08-19 21:47:49,728 runspider ['asdasdasdasdasda', '管理员', '', '运行爬虫', ['00']] spider
2018-08-19 21:48:24,738 stopspider ['asdasdasdasdasda', '管理员', '', '停止爬虫', ['00']] spider
2018-08-19 21:49:30,106 getspiderconfig ['asdasdasdasdasda', '管理员', '', '获取爬虫配置列表', []] spider
2018-08-19 21:49:46,104 getspiderconfigbyid ['asdasdasdasdasda', '管理员', '', '获取爬虫配置列表', ['3']] spider
2018-08-19 21:49:56,388 queryerror ['asdasdasdasdasda', '管理员', '', '查询爬虫错误数据', ['天涯BBS', ['2017-05-16', '2017-05-17', '2017-05-18', '2017-05-19', '2017-05-20', '2017-05-21', '2017-05-22']]] spider
2018-08-19 21:49:56,574 queryspidernum ['asdasdasdasdasda', '管理员', '', '查询爬虫数据量', ['天涯BBS', '一周']] spider
2018-08-19 21:49:56,659 queryspiderspeed ['asdasdasdasdasda', '管理员', '', '查询爬虫速率', ['今日']] spider
2018-08-19 21:49:56,679 queryspider ['asdasdasdasdasda', '管理员', '', '查询爬虫速率', ['天涯BBS', 'SpiderWeekSpeed']] spider
2018-08-19 21:51:34,000 queryspider ['asdasdasdasdasda', '管理员', '', '查询爬虫速率', ['猫扑论坛', 'SpiderWeekSpeed']] spider
2018-08-19 21:51:37,585 queryspider ['asdasdasdasdasda', '管理员', '', '查询爬虫速率', ['人民网论坛', 'SpiderWeekSpeed']] spider
2018-08-19 21:51:41,250 queryspider ['asdasdasdasdasda', '管理员', '', '查询爬虫速率', ['新华网论坛', 'SpiderWeekSpeed']] spider
2018-08-19 21:52:05,022 queryspiderspeed ['asdasdasdasdasda', '管理员', '', '查询爬虫速率', ['一周']] spider
2018-08-19 21:52:07,726 queryspiderspeed ['asdasdasdasdasda', '管理员', '', '查询爬虫速率', ['一月']] spider
2018-08-19 21:52:23,063 queryerror ['asdasdasdasdasda', '管理员', '', '查询爬虫错误数据', ['天涯BBS', ['2017-05-16', '2017-05-17', '2017-05-18', '2017-05-19', '2017-05-20', '2017-05-21', '2017-05-22']]] spider
2018-08-19 21:52:28,589 queryerror ['asdasdasdasdasda', '管理员', '', '查询爬虫错误数据', ['猫扑论坛', ['2017-05-16', '2017-05-17', '2017-05-18', '2017-05-19', '2017-05-20', '2017-05-21', '2017-05-22']]] spider
2018-08-19 21:52:36,031 queryerror ['asdasdasdasdasda', '管理员', '', '查询爬虫错误数据', ['猫扑论坛', ['2016-05', '2016-06', '2016-07', '2016-08', '2016-09', '2016-10', '2016-11', '2016-12', '2017-01', '2017-02', '2017-03', '2017-04', '2017-05']]] spider
2018-08-19 21:53:37,662 queryspidernum ['asdasdasdasdasda', '管理员', '', '查询爬虫数据量', ['猫扑论坛', '一月']] spider
2018-08-19 21:53:42,177 queryspidernum ['asdasdasdasdasda', '管理员', '', '查询爬虫数据量', ['天涯BBS', '一周']] spider
